cuda:0
Files already downloaded and verified


ITERATION


torch.Size([1, 32, 32])
1


ITERATION


torch.Size([1, 32, 32])
1


ITERATION


torch.Size([1, 32, 32])
1


ITERATION


torch.Size([1, 32, 32])
1


ITERATION


torch.Size([1, 32, 32])
1


ITERATION


torch.Size([1, 32, 32])
1


ITERATION


torch.Size([1, 32, 32])
1


ITERATION


torch.Size([1, 32, 32])
1


ITERATION


torch.Size([1, 32, 32])
2


ITERATION


torch.Size([1, 32, 32])
2


ITERATION


torch.Size([1, 32, 32])
2


ITERATION


torch.Size([1, 32, 32])
2


ITERATION


torch.Size([1, 32, 32])
2


ITERATION


torch.Size([1, 32, 32])
2


ITERATION


torch.Size([1, 32, 32])
2


ITERATION


torch.Size([1, 32, 32])
2


ITERATION


torch.Size([1, 32, 32])
3


ITERATION


torch.Size([1, 32, 32])
3


ITERATION


torch.Size([1, 32, 32])
3


ITERATION


torch.Size([1, 32, 32])
3


ITERATION


torch.Size([1, 32, 32])
3


ITERATION


torch.Size([1, 32, 32])
3


ITERATION


torch.Size([1, 32, 32])
3


ITERATION


torch.Size([1, 32, 32])
3


ITERATION


torch.Size([1, 32, 32])
4


ITERATION


torch.Size([1, 32, 32])
4


ITERATION


torch.Size([1, 32, 32])
4


ITERATION


torch.Size([1, 32, 32])
4


ITERATION


torch.Size([1, 32, 32])
4


ITERATION


torch.Size([1, 32, 32])
4


ITERATION


torch.Size([1, 32, 32])
4


ITERATION


torch.Size([1, 32, 32])
4


ITERATION


torch.Size([1, 32, 32])
5


ITERATION


torch.Size([1, 32, 32])
5


ITERATION


torch.Size([1, 32, 32])
5


ITERATION


torch.Size([1, 32, 32])
5


ITERATION


torch.Size([1, 32, 32])
5


ITERATION


torch.Size([1, 32, 32])
5


ITERATION


torch.Size([1, 32, 32])
5


ITERATION


torch.Size([1, 32, 32])
5


ITERATION


torch.Size([1, 32, 32])
6


ITERATION


torch.Size([1, 32, 32])
6


ITERATION


torch.Size([1, 32, 32])
6


ITERATION


torch.Size([1, 32, 32])
6


ITERATION


torch.Size([1, 32, 32])
6


ITERATION


torch.Size([1, 32, 32])
6


ITERATION


torch.Size([1, 32, 32])
6


ITERATION


torch.Size([1, 32, 32])
6


ITERATION


torch.Size([1, 32, 32])
7


ITERATION


torch.Size([1, 32, 32])
7


ITERATION


torch.Size([1, 32, 32])
7


ITERATION


torch.Size([1, 32, 32])
7


ITERATION


torch.Size([1, 32, 32])
7


ITERATION


torch.Size([1, 32, 32])
7


ITERATION


torch.Size([1, 32, 32])
7


ITERATION


torch.Size([1, 32, 32])
7


ITERATION


torch.Size([1, 32, 32])
8


ITERATION


torch.Size([1, 32, 32])
8


ITERATION


torch.Size([1, 32, 32])
8


ITERATION


torch.Size([1, 32, 32])
8


ITERATION


torch.Size([1, 32, 32])
8


ITERATION


torch.Size([1, 32, 32])
8


ITERATION


torch.Size([1, 32, 32])
8


ITERATION


torch.Size([1, 32, 32])
8


ITERATION


torch.Size([1, 32, 32])
9


ITERATION


torch.Size([1, 32, 32])
9


ITERATION


torch.Size([1, 32, 32])
9


ITERATION


torch.Size([1, 32, 32])
9


ITERATION


torch.Size([1, 32, 32])
9


ITERATION


torch.Size([1, 32, 32])
9


ITERATION


torch.Size([1, 32, 32])
9


ITERATION


torch.Size([1, 32, 32])
9


ITERATION


torch.Size([1, 32, 32])
10


ITERATION


torch.Size([1, 32, 32])
10


ITERATION


torch.Size([1, 32, 32])
10


ITERATION


torch.Size([1, 32, 32])
10


ITERATION


torch.Size([1, 32, 32])
10


ITERATION


torch.Size([1, 32, 32])
10


ITERATION


torch.Size([1, 32, 32])
10


ITERATION


torch.Size([1, 32, 32])
10
Files already downloaded and verified
