cpu
Files already downloaded and verified
Files already downloaded and verified
0 3406.616071462631 31.11
1 3337.263127684593 33.86
2 3302.1988970041275 34.75
3 3277.6191152334213 35.63
4 3255.067893385887 36.79
5 3233.026437163353 37.72
6 3211.981442809105 38.58
7 3192.053085207939 38.74
8 3174.0227922201157 39.55
9 3157.196544408798 40.17
10 3140.0847539901733 40.34
11 3125.5783541202545 41.3
12 3110.1320654153824 41.53
13 3096.467118024826 41.05
14 3084.0725787878036 42.12
15 3070.328876852989 42.36
16 3057.8743039369583 42.64
17 3045.792976975441 42.42
18 3034.749041199684 42.9
19 3023.554620027542 42.87
20 3015.1696269512177 43.13
21 3003.730575323105 43.02
22 2995.011379480362 43.14
23 2984.8975533246994 43.57
24 2975.943148493767 43.84
25 2967.398355960846 43.39
26 2957.3335465192795 43.24
27 2949.9958593845367 43.78
28 2943.9636278152466 43.75
29 2936.0264558792114 43.4
30 2929.189270734787 43.79
31 2922.6616451740265 43.78
32 2916.4963289499283 43.7
33 2910.621756196022 43.69
34 2904.814784049988 43.84
35 2899.342138528824 43.97
36 2893.913860797882 43.77
37 2888.7712030410767 43.95
38 2883.711073279381 43.84
39 2878.082097053528 43.49
